2024-05-26T01:10:19.222+05:30  INFO 5548 --- [ecart] [restartedMain] com.cts.ecart.EcartApplication           : Starting EcartApplication using Java 21.0.1 with PID 5548 (C:\Users\HP\Desktop\ecart-spring-react\backend\target\classes started by HP in C:\Users\HP\Desktop\ecart-spring-react\backend)
2024-05-26T01:10:19.240+05:30  INFO 5548 --- [ecart] [restartedMain] com.cts.ecart.EcartApplication           : No active profile set, falling back to 1 default profile: "default"
2024-05-26T01:10:19.361+05:30  INFO 5548 --- [ecart] [restartedMain] .e.DevToolsPropertyDefaultsPostProcessor : Devtools property defaults active! Set 'spring.devtools.add-properties' to 'false' to disable
2024-05-26T01:10:19.361+05:30  INFO 5548 --- [ecart] [restartedMain] .e.DevToolsPropertyDefaultsPostProcessor : For additional web related logging consider setting the 'logging.level.web' property to 'DEBUG'
2024-05-26T01:10:20.685+05:30  INFO 5548 --- [ecart] [restartedMain] .s.d.r.c.RepositoryConfigurationDelegate : Bootstrapping Spring Data JPA repositories in DEFAULT mode.
2024-05-26T01:10:20.838+05:30  INFO 5548 --- [ecart] [restartedMain] .s.d.r.c.RepositoryConfigurationDelegate : Finished Spring Data repository scanning in 138 ms. Found 5 JPA repository interfaces.
2024-05-26T01:10:21.980+05:30  INFO 5548 --- [ecart] [restartedMain] o.s.b.w.embedded.tomcat.TomcatWebServer  : Tomcat initialized with port 8080 (http)
2024-05-26T01:10:22.004+05:30  INFO 5548 --- [ecart] [restartedMain] o.apache.catalina.core.StandardService   : Starting service [Tomcat]
2024-05-26T01:10:22.005+05:30  INFO 5548 --- [ecart] [restartedMain] o.apache.catalina.core.StandardEngine    : Starting Servlet engine: [Apache Tomcat/10.1.24]
2024-05-26T01:10:22.067+05:30  INFO 5548 --- [ecart] [restartedMain] o.a.c.c.C.[Tomcat].[localhost].[/]       : Initializing Spring embedded WebApplicationContext
2024-05-26T01:10:22.068+05:30  INFO 5548 --- [ecart] [restartedMain] w.s.c.ServletWebServerApplicationContext : Root WebApplicationContext: initialization completed in 2706 ms
2024-05-26T01:10:22.378+05:30  INFO 5548 --- [ecart] [restartedMain] o.hibernate.jpa.internal.util.LogHelper  : HHH000204: Processing PersistenceUnitInfo [name: default]
2024-05-26T01:10:22.514+05:30  INFO 5548 --- [ecart] [restartedMain] org.hibernate.Version                    : HHH000412: Hibernate ORM core version 6.5.2.Final
2024-05-26T01:10:22.574+05:30  INFO 5548 --- [ecart] [restartedMain] o.h.c.internal.RegionFactoryInitiator    : HHH000026: Second-level cache disabled
2024-05-26T01:10:23.073+05:30  INFO 5548 --- [ecart] [restartedMain] o.s.o.j.p.SpringPersistenceUnitInfo      : No LoadTimeWeaver setup: ignoring JPA class transformer
2024-05-26T01:10:23.111+05:30  INFO 5548 --- [ecart] [restartedMain] com.zaxxer.hikari.HikariDataSource       : HikariPool-1 - Starting...
2024-05-26T01:10:23.601+05:30  INFO 5548 --- [ecart] [restartedMain] com.zaxxer.hikari.pool.HikariPool        : HikariPool-1 - Added connection com.mysql.cj.jdbc.ConnectionImpl@1848c858
2024-05-26T01:10:23.604+05:30  INFO 5548 --- [ecart] [restartedMain] com.zaxxer.hikari.HikariDataSource       : HikariPool-1 - Start completed.
2024-05-26T01:10:23.672+05:30  WARN 5548 --- [ecart] [restartedMain] org.hibernate.orm.deprecation            : HHH90000025: MySQL8Dialect does not need to be specified explicitly using 'hibernate.dialect' (remove the property setting and it will be selected by default)
2024-05-26T01:10:23.673+05:30  WARN 5548 --- [ecart] [restartedMain] org.hibernate.orm.deprecation            : HHH90000026: MySQL8Dialect has been deprecated; use org.hibernate.dialect.MySQLDialect instead
2024-05-26T01:10:25.398+05:30  INFO 5548 --- [ecart] [restartedMain] o.h.e.t.j.p.i.JtaPlatformInitiator       : HHH000489: No JTA platform available (set 'hibernate.transaction.jta.platform' to enable JTA platform integration)
2024-05-26T01:10:25.619+05:30  INFO 5548 --- [ecart] [restartedMain] j.LocalContainerEntityManagerFactoryBean : Initialized JPA EntityManagerFactory for persistence unit 'default'
2024-05-26T01:10:26.466+05:30  WARN 5548 --- [ecart] [restartedMain] JpaBaseConfiguration$JpaWebConfiguration : spring.jpa.open-in-view is enabled by default. Therefore, database queries may be performed during view rendering. Explicitly configure spring.jpa.open-in-view to disable this warning
2024-05-26T01:10:27.069+05:30  INFO 5548 --- [ecart] [restartedMain] o.s.b.d.a.OptionalLiveReloadServer       : LiveReload server is running on port 35729
2024-05-26T01:10:27.107+05:30  INFO 5548 --- [ecart] [restartedMain] o.s.b.w.embedded.tomcat.TomcatWebServer  : Tomcat started on port 8080 (http) with context path '/'
2024-05-26T01:10:27.118+05:30  INFO 5548 --- [ecart] [restartedMain] com.cts.ecart.EcartApplication           : Started EcartApplication in 8.607 seconds (process running for 9.437)
2024-05-26T01:10:27.124+05:30  INFO 5548 --- [ecart] [restartedMain] com.cts.ecart.EcartApplication           : -------------Application started successfully------------
